Started build on 05/06/2022, 16:40:43Build directory created sucessfully.
There is no image description for the emoji 'pride_heart_trans'.
There is no image description for the emoji 'blobcat_hyper'.
There is no image description for the emoji 'blobcat_melt_ani'.
There is no image description for the emoji 'blobcat_reach'.
There is no image description for the emoji 'blobcat_blobcat'.
There is no image description for the emoji 'blobcat_uwucry'.
There is no image description for the emoji 'blobcat_adorable_pink'.
There is no image description for the emoji 'blobcat_blanket'.
There is no image description for the emoji 'blobcat_blep'.
There is no image description for the emoji 'blobcat_boo'.
There is no image description for the emoji 'blobcat_box'.
There is no image description for the emoji 'blobcat_giggle'.
There is no image description for the emoji 'blobcat_innocent'.
There is no image description for the emoji 'blobcat_justright'.
There is no image description for the emoji 'blobcat_maths'.
There is no image description for the emoji 'blobcat_melt'.
There is no image description for the emoji 'blobcat_meltthumbsup'.
There is no image description for the emoji 'blobcat_nom'.
There is no image description for the emoji 'blobcat_notlikethis'.
There is no image description for the emoji 'blobcat_pats'.
There is no image description for the emoji 'blobcat_reach'.
The emoji blobcat_reach is being overwritten by another emoji with the same filename.
There is no image description for the emoji 'blobcat_sign_meow'.
There is no image description for the emoji 'blobcat_sip'.
There is no image description for the emoji 'blobcat_sweats'.
There is no image description for the emoji 'blobcat_terrified'.
There is no image description for the emoji 'blobcat_thinking'.
There is no image description for the emoji 'blobcat_attention'.
There is no image description for the emoji 'blobcat_laptop'.
There is no image description for the emoji 'blobcat_coffee'.
There is no image description for the emoji 'blobcat_nom_heart'.
There is no image description for the emoji 'blobcat_party'.
There is no image description for the emoji 'blobcat_peek'.
There is no image description for the emoji 'blobcat_popcorn'.
There is no image description for the emoji 'blobcat_trans'.
There is no image description for the emoji 'blobcat_wow'.
There is no image description for the emoji 'blobcat_attention_r'.
There is no image description for the emoji 'blobcat_heartbroken'.
There is no image description for the emoji 'blobcat_reach_r'.
There is no image description for the emoji 'blobcat_wave'.
There is no image description for the emoji 'blobcat_tabby'.
There is no image description for the emoji 'blobcat_O_O'.
There is no image description for the emoji 'blobcat_alt'.
There is no image description for the emoji 'blobcat_angry'.
There is no image description for the emoji 'blobcat_blush'.
There is no image description for the emoji 'blobcat_caged'.
There is no image description for the emoji 'blobcat_comftears'.
There is no image description for the emoji 'blobcat_blanket_shock'.
There is no image description for the emoji 'blobcat_cry'.
There is no image description for the emoji 'blobcat_dead'.
There is no image description for the emoji 'blobcat_died'.
There is no image description for the emoji 'blobcat_tableflip'.
There is no image description for the emoji 'blobcat_pride'.
There is no image description for the emoji 'blobcat_googly_cry'.
There is no image description for the emoji 'blobcat_googly_trash'.
There is no image description for the emoji 'blobcat_heart'.
There is no image description for the emoji 'blobcat_heart_pride'.
There is no image description for the emoji 'blobcat_love'.
There is no image description for the emoji 'blobcat_openmouth'.
There is no image description for the emoji 'blobcat_smile'.
There is no image description for the emoji 'blobcat_cop'.
There is no image description for the emoji 'blobcat_gift'.
There is no image description for the emoji 'blobcat_sad_reach'.
There is no image description for the emoji 'blobcat_scared'.
There is no image description for the emoji 'blobcat_sip_sweat'.
There is no image description for the emoji 'blobcat_delete'.
There is no image description for the emoji 'blobcat_snuggle'.
There is no image description for the emoji 'blobcat_think'.
There is no image description for the emoji 'blobcat_triumph'.
There is no image description for the emoji 'blobcat_umm'.
There is no image description for the emoji 'blobcat_verified'.
There is no image description for the emoji 'blobcat_yandere'.
There is no image description for the emoji 'blobcat_blanket_stars'.
There is no image description for the emoji 'blobcat_blanket_sleep'.
There is no image description for the emoji 'blobcat_blanket_upset'.
There is no image description for the emoji 'blobcat_adorable'.
There is no image description for the emoji 'blobcat_alien'.
There is no image description for the emoji 'blobcat_amongus'.
There is no image description for the emoji 'blobcat_amused'.
There is no image description for the emoji 'blobcat_angle'.
There is no image description for the emoji 'blobcat_angry_pats'.
There is no image description for the emoji 'blobcat_anime'.
There is no image description for the emoji 'blobcat_artist'.
There is no image description for the emoji 'blobcat_bum'.
There is no image description for the emoji 'blobcat_astonished'.
There is no image description for the emoji 'blobcat_astronaut'.
There is no image description for the emoji 'blobcat_awauu'.
There is no image description for the emoji 'blobcat_aww'.
There is no image description for the emoji 'blobcat_baguette_hero'.
There is no image description for the emoji 'blobcat_baka'.
There is no image description for the emoji 'blobcat_bandage'.
There is no image description for the emoji 'blobcat_bat_upsidedown'.
There is no image description for the emoji 'blobcat_bath'.
There is no image description for the emoji 'blobcat_beanbag'.
There is no image description for the emoji 'blobcat_beer'.
There is no image description for the emoji 'blobcat_beret'.
There is no image description for the emoji 'blobcat_berliner_aww'.
There is no image description for the emoji 'blobcat_big_fan'.
There is no image description for the emoji 'blobcat_big_sob'.
There is no image description for the emoji 'blobcat_birthday'.
There is no image description for the emoji 'blobcat_blahaj'.
There is no image description for the emoji 'blobcat_bleach'.
There is no image description for the emoji 'blobcat_bless_up'.
There is no image description for the emoji 'blobcat_ush'.
There is no image description for the emoji 'blobcat_ngo'.
There is no image description for the emoji 'blobcat_padorable'.
There is no image description for the emoji 'blobcat_pblush'.
There is no image description for the emoji 'blobcat_pglare'.
There is no image description for the emoji 'blobcat_phappy'.
There is no image description for the emoji 'blobcat_p'.
There is no image description for the emoji 'blobcat_bot'.
There is no image description for the emoji 'blobcat_x'.
There is no image description for the emoji 'blobcat_read'.
There is no image description for the emoji 'blobcat_roken_heart'.
There is no image description for the emoji 'blobcat_ughunter'.
There is no image description for the emoji 'blobcat_unnynomcat'.
There is no image description for the emoji 'blobcat_usiness'.
There is no image description for the emoji 'blobcat_uting'.
There is no image description for the emoji 'blobcat_us'.
There is no image description for the emoji 'blobcat_ged'.
There is no image description for the emoji 'blobcat_mera'.
There is no image description for the emoji 'blobcat_n'.
There is no image description for the emoji 'blobcat_urglar'.
There is no image description for the emoji 'blobcat_doggosnuggle'.
There is no image description for the emoji 'blobcat_flip'.
There is no image description for the emoji 'blobcat_heckmark'.
There is no image description for the emoji 'blobcat_heer'.
There is no image description for the emoji 'blobcat_hristmasglowsticks'.
There is no image description for the emoji 'blobcat_wn'.
There is no image description for the emoji 'blobcat_ffee'.
There is no image description for the emoji 'blobcat_mfkiss'.
There is no image description for the emoji 'blobcat_mfyangry'.
There is no image description for the emoji 'blobcat_mfyaww'.
There is no image description for the emoji 'blobcat_mfybelp'.
There is no image description for the emoji 'blobcat_mfyblush'.
There is no image description for the emoji 'blobcat_mfycamera'.
There is no image description for the emoji 'blobcat_mfymelt'.
There is no image description for the emoji 'blobcat_mfy'.
There is no image description for the emoji 'blobcat_hinking'.
There is no image description for the emoji 'blobcat_distrust'.
There is no image description for the emoji 'blobcat_disturbed'.
There is no image description for the emoji 'blobcat_dizzy'.
There is no image description for the emoji 'blobcat_dizzy_puffy'.
There is no image description for the emoji 'blobcat_donut'.
There is no image description for the emoji 'blobcat_double_fu'.
There is no image description for the emoji 'blobcat_droolreach'.
There is no image description for the emoji 'blobcat_drums'.
There is no image description for the emoji 'blobcat_dunno'.
There is no image description for the emoji 'blobcat_elf'.
There is no image description for the emoji 'blobcat_enjoy'.
There is no image description for the emoji 'blobcat_evilknife'.
There is no image description for the emoji 'blobcat_evil'.
There is no image description for the emoji 'blobcat_exclamationpoint'.
There is no image description for the emoji 'blobcat_extinguisher'.
There is no image description for the emoji 'blobcat_eyesblush'.
There is no image description for the emoji 'blobcat_eyespin'.
There is no image description for the emoji 'blobcat_eyes'.
There is no image description for the emoji 'blobcat_eyespout'.
There is no image description for the emoji 'blobcat_ez'.
There is no image description for the emoji 'blobcat_facepalm'.
There is no image description for the emoji 'blobcat_fearful'.
There is no image description for the emoji 'blobcat_fiesta'.
There is no image description for the emoji 'blobcat_fine'.
There is no image description for the emoji 'blobcat_fingerguns'.
There is no image description for the emoji 'blobcat_fireeyes'.
There is no image description for the emoji 'blobcat_fishnom'.
There is no image description for the emoji 'blobcat_fistbumpleft'.
There is no image description for the emoji 'blobcat_fistbumpright'.
There is no image description for the emoji 'blobcat_flame_thrower'.
There is no image description for the emoji 'blobcat_floppy'.
There is no image description for the emoji 'blobcat_flower'.
There is no image description for the emoji 'blobcat_fluffangry'.
There is no image description for the emoji 'blobcat_fluffevil'.
There is no image description for the emoji 'blobcat_fluffhappy'.
There is no image description for the emoji 'blobcat_fluffowo'.
There is no image description for the emoji 'blobcat_fluffpats'.
There is no image description for the emoji 'blobcat_fluffpout'.
There is no image description for the emoji 'blobcat_fluffy'.
There is no image description for the emoji 'blobcat_flushed'.
There is no image description for the emoji 'blobcat_foxcat'.
There is no image description for the emoji 'blobcat_foxnomcat'.
There is no image description for the emoji 'blobcat_frowningbig'.
There is no image description for the emoji 'blobcat_frowning'.
There is no image description for the emoji 'blobcat_funny'.
There is no image description for the emoji 'blobcat_future'.
There is no image description for the emoji 'blobcat_fux'.
There is no image description for the emoji 'blobcat_fuxpuffy'.
There is no image description for the emoji 'blobcat_gamer'.
There is no image description for the emoji 'blobcat_googlyholdingitsheadinitshands'.
There is no image description for the emoji 'blobcat_googlytrash'.
There is no image description for the emoji 'blobcat_gratpat'.
There is no image description for the emoji 'blobcat_green'.
There is no image description for the emoji 'blobcat_grimace'.
There is no image description for the emoji 'blobcat_grin'.
There is no image description for the emoji 'blobcat_grumpy'.
There is no image description for the emoji 'blobcat_gummycat'.
There is no image description for the emoji 'blobcat_gun'.
There is no image description for the emoji 'blobcat_hairflip'.
There is no image description for the emoji 'blobcat_halo'.
There is no image description for the emoji 'blobcat_hamburger'.
There is no image description for the emoji 'blobcat_hammer'.
There is no image description for the emoji 'blobcat_happycry'.
There is no image description for the emoji 'blobcat_happy_paws'.
There is no image description for the emoji 'blobcat_happy'.
There is no image description for the emoji 'blobcat_hcaach'.
There is no image description for the emoji 'blobcat_headache'.
There is no image description for the emoji 'blobcat_headphones'.
There is no image description for the emoji 'blobcat_heart'.
The emoji blobcat_heart is being overwritten by another emoji with the same filename.
There is no image description for the emoji 'blobcat_hearts'.
There is no image description for the emoji 'blobcat_heartsqueeze'.
There is no image description for the emoji 'blobcat_hehe'.
There is no image description for the emoji 'blobcat_helmut'.
There is no image description for the emoji 'blobcat_heroglow'.
There is no image description for the emoji 'blobcat_herosword'.
There is no image description for the emoji 'blobcat_highfive'.
There is no image description for the emoji 'blobcat_hiss'.
There is no image description for the emoji 'blobcat_hmpf'.
There is no image description for the emoji 'blobcat_how'.
There is no image description for the emoji 'blobcat_huggies'.
There is no image description for the emoji 'blobcat_huh'.
There is no image description for the emoji 'blobcat_hungry'.
There is no image description for the emoji 'blobcat_hyper'.
The emoji blobcat_hyper is being overwritten by another emoji with the same filename.
There is no image description for the emoji 'blobcat_hyperthinking'.
There is no image description for the emoji 'blobcat_icecream'.
There is no image description for the emoji 'blobcat_icedcoffee'.
There is no image description for the emoji 'blobcat_ice'.
There is no image description for the emoji 'blobcat_idea'.
There is no image description for the emoji 'blobcat_java'.
There is no image description for the emoji 'blobcat_jedi'.
There is no image description for the emoji 'blobcat_just_right'.
There is no image description for the emoji 'blobcat_kirby'.
There is no image description for the emoji 'blobcat_kissblush'.
There is no image description for the emoji 'blobcat_kissheart'.
There is no image description for the emoji 'blobcat_kiss'.
There is no image description for the emoji 'blobcat_knifepeak'.
There is no image description for the emoji 'blobcat_knife'.
There is no image description for the emoji 'blobcat_knit'.
There is no image description for the emoji 'blobcat_in'.
There is no image description for the emoji 'blobcat_ugh'.
There is no image description for the emoji 'blobcat_ewd'.
There is no image description for the emoji 'blobcat_rd'.
There is no image description for the emoji 'blobcat_ve'.
There is no image description for the emoji 'blobcat_wres'.
There is no image description for the emoji 'blobcat_ul'.
There is no image description for the emoji 'blobcat_mad'.
There is no image description for the emoji 'blobcat_mage'.
There is no image description for the emoji 'blobcat_mask'.
There is no image description for the emoji 'blobcat_matcha'.
There is no image description for the emoji 'blobcat_meh'.
There is no image description for the emoji 'blobcat_melt'.
The emoji blobcat_melt is being overwritten by another emoji with the same filename.
There is no image description for the emoji 'blobcat_melt_cry'.
There is no image description for the emoji 'blobcat_meltmelt'.
There is no image description for the emoji 'blobcat_meltnom'.
There is no image description for the emoji 'blobcat_meow_live'.
There is no image description for the emoji 'blobcat_meow'.
There is no image description for the emoji 'blobcat_mlem'.
There is no image description for the emoji 'blobcat_mudamudamuda'.
There is no image description for the emoji 'blobcat_mustache'.
There is no image description for the emoji 'blobcat_nauseated'.
There is no image description for the emoji 'blobcat_needhug'.
There is no image description for the emoji 'blobcat_neon'.
There is no image description for the emoji 'blobcat_nerd'.
There is no image description for the emoji 'blobcat_nervoussweat'.
There is no image description for the emoji 'blobcat_neutral'.
There is no image description for the emoji 'blobcat_ninja'.
There is no image description for the emoji 'blobcat_nomapple'.
There is no image description for the emoji 'blobcat_nombellpepper'.
There is no image description for the emoji 'blobcat_nomblobbunny'.
There is no image description for the emoji 'blobcat_nomdoggo'.
There is no image description for the emoji 'blobcat_no_me'.
There is no image description for the emoji 'blobcat_nomhotdog'.
There is no image description for the emoji 'blobcat_nomivore'.
There is no image description for the emoji 'blobcat_nompeach'.
There is no image description for the emoji 'blobcat_nompretzel'.
There is no image description for the emoji 'blobcat_nomtangerine'.
There is no image description for the emoji 'blobcat_nomtomato'.
There is no image description for the emoji 'blobcat_nomwatermelon'.
There is no image description for the emoji 'blobcat_noplease'.
There is no image description for the emoji 'blobcat_no'.
There is no image description for the emoji 'blobcat_nose'.
There is no image description for the emoji 'blobcat_notlike'.
There is no image description for the emoji 'blobcat_no_u'.
There is no image description for the emoji 'blobcat_h'.
There is no image description for the emoji 'blobcat_k_me'.
There is no image description for the emoji 'blobcat_k'.
There is no image description for the emoji 'blobcat_k_u'.
There is no image description for the emoji 'blobcat_nfire'.
There is no image description for the emoji 'blobcat_utage'.
There is no image description for the emoji 'blobcat_vo'.
There is no image description for the emoji 'blobcat_wo'.
There is no image description for the emoji 'blobcat_wohappy'.
There is no image description for the emoji 'blobcat_pain'.
There is no image description for the emoji 'blobcat_pan'.
There is no image description for the emoji 'blobcat_pat'.
There is no image description for the emoji 'blobcat_pawmean'.
There is no image description for the emoji 'blobcat_paw'.
There is no image description for the emoji 'blobcat_pawtongueleft'.
There is no image description for the emoji 'blobcat_pawtongueright'.
There is no image description for the emoji 'blobcat_peach'.
There is no image description for the emoji 'blobcat_peekaboo'.
There is no image description for the emoji 'blobcat_peekneatral'.
There is no image description for the emoji 'blobcat_peek'.
The emoji blobcat_peek is being overwritten by another emoji with the same filename.
There is no image description for the emoji 'blobcat_pensive'.
There is no image description for the emoji 'blobcat_peppermint'.
There is no image description for the emoji 'blobcat_perfecto'.
There is no image description for the emoji 'blobcat_photobomb'.
There is no image description for the emoji 'blobcat_photobombpuffy'.
There is no image description for the emoji 'blobcat_photo'.
There is no image description for the emoji 'blobcat_piano'.
There is no image description for the emoji 'blobcat_picturebook'.
There is no image description for the emoji 'blobcat_pig_love'.
There is no image description for the emoji 'blobcat_pikachu'.
There is no image description for the emoji 'blobcat_pins'.
There is no image description for the emoji 'blobcat_pirate'.
There is no image description for the emoji 'blobcat_pizza'.
There is no image description for the emoji 'blobcat_pleading'.
There is no image description for the emoji 'blobcat_radiation'.
There is no image description for the emoji 'blobcat_reachmelt'.
There is no image description for the emoji 'blobcat_reachmeltuwu'.
There is no image description for the emoji 'blobcat_reachsad'.
There is no image description for the emoji 'blobcat_reaer'.
There is no image description for the emoji 'blobcat_reindeer'.
There is no image description for the emoji 'blobcat_sadlife'.
There is no image description for the emoji 'blobcat_sadpats'.
There is no image description for the emoji 'blobcat_sad'.
There is no image description for the emoji 'blobcat_sadreach'.
There is no image description for the emoji 'blobcat_sadreachrev'.
There is no image description for the emoji 'blobcat_salute'.
There is no image description for the emoji 'blobcat_sandwich'.
There is no image description for the emoji 'blobcat_santamelt'.
There is no image description for the emoji 'blobcat_sa'.
There is no image description for the emoji 'blobcat_scary'.
There is no image description for the emoji 'blobcat_science'.
There is no image description for the emoji 'blobcat_scream'.
There is no image description for the emoji 'blobcat_shh'.
There is no image description for the emoji 'blobcat_shockedcrown'.
There is no image description for the emoji 'blobcat_shocked'.
There is no image description for the emoji 'blobcat_shrugsmirk'.
There is no image description for the emoji 'blobcat_shy'.
There is no image description for the emoji 'blobcat_snicker'.
There is no image description for the emoji 'blobcat_wink'.
There is no image description for the emoji 'blob_melt_sob_love'.
There is no image description for the emoji 'blob_spin'.
There is no image description for the emoji 'blob_sweat'.
There is no image description for the emoji 'blob_dee'.
There is no image description for the emoji 'blob_eyes'.
There is no image description for the emoji 'blob_bread'.
There is no image description for the emoji 'blob_angel'.
There is no image description for the emoji 'blob_amused'.
There is no image description for the emoji 'blob_angery'.
There is no image description for the emoji 'blob_angry'.
There is no image description for the emoji 'blob_angry_puff'.
There is no image description for the emoji 'blob_aww'.
There is no image description for the emoji 'blob_banhammer'.
There is no image description for the emoji 'blob_broken'.
There is no image description for the emoji 'blob_clipboard'.
There is no image description for the emoji 'blob_cmere_you'.
There is no image description for the emoji 'blob_cool'.
There is no image description for the emoji 'blob_couple'.
There is no image description for the emoji 'blob_glare'.
There is no image description for the emoji 'blob_glasses_down'.
There is no image description for the emoji 'blob_hug'.
There is no image description for the emoji 'blob_idea'.
There is no image description for the emoji 'blob_melt_sob'.
There is no image description for the emoji 'blob_melt_sob_love'.
The emoji blob_melt_sob_love is being overwritten by another emoji with the same filename.
There is no image description for the emoji 'blob_nervous_pleading'.
There is no image description for the emoji 'blob_no_good'.
There is no image description for the emoji 'blob_pensive'.
There is no image description for the emoji 'blob_sad'.
There is no image description for the emoji 'blob_smile_tear'.
There is no image description for the emoji 'blob_sob'.
There is no image description for the emoji 'blob_sob_glasses'.
There is no image description for the emoji 'blob_thinking'.
There is no image description for the emoji 'blob_thinking_cool'.
There is no image description for the emoji 'blob_wait_what'.
There is no image description for the emoji 'blobfox_blobfox'.
There is no image description for the emoji 'blobfox_giggle'.
There is no image description for the emoji 'blobfox_sad_reach'.
There is no image description for the emoji 'blobfox_no'.
There is no image description for the emoji 'blobfox_yes'.
There is no image description for the emoji 'blobfox_hotdog'.
There is no image description for the emoji 'blobfox_tea'.
There is no image description for the emoji 'blobfox_laptop'.
There is no image description for the emoji 'blobfox_dizzy'.
There is no image description for the emoji 'blobfox_reach_drool'.
There is no image description for the emoji 'blobfox_floog_cofe'.
There is no image description for the emoji 'blobfox_floof_devil'.
There is no image description for the emoji 'blobfox_flower'.
There is no image description for the emoji 'blobfox_googly_cry'.
There is no image description for the emoji 'blobfox_googly_hands_covering_face'.
There is no image description for the emoji 'blobfox_heart_cute'.
There is no image description for the emoji 'blobfox_hyper'.
There is no image description for the emoji 'blobfox_innocent_cute'.
There is no image description for the emoji 'blobfox_nervous_laugh'.
There is no image description for the emoji 'blobfox_thinking_laugh'.
There is no image description for the emoji 'blobfox_melt_sob_love'.
There is no image description for the emoji 'blobfox_sick'.
There is no image description for the emoji 'blobfox_icecream'.
There is no image description for the emoji 'blobfox_unamused'.
There is no image description for the emoji 'blobfox_hands_covering_face'.
There is no image description for the emoji 'blobfox_pat'.
There is no image description for the emoji 'blobfox_pat_neutral'.
There is no image description for the emoji 'blobfox_peek'.
There is no image description for the emoji 'blobfox_reach'.
There is no image description for the emoji 'blobfox_read'.
There is no image description for the emoji 'blobfox_scared'.
There is no image description for the emoji 'blobfox_shocked'.
There is no image description for the emoji 'blobfox_sign_no_u_blush'.
There is no image description for the emoji 'blobfox_sip_terrified'.
There is no image description for the emoji 'blobfox_sleep'.
There is no image description for the emoji 'blobfox_smirk'.
There is no image description for the emoji 'blobfox_snug'.
There is no image description for the emoji 'blobfox_snug_spook'.
There is no image description for the emoji 'blobfox_sweats'.
There is no image description for the emoji 'blobfox_tableflip'.
There is no image description for the emoji 'blobfox_terrified'.
There is no image description for the emoji 'blobfox_thinking'.
There is no image description for the emoji 'blobfox_thinking_anime'.
There is no image description for the emoji 'blobfox_uno_terrified'.
There is no image description for the emoji 'blobfox_upset'.
There is no image description for the emoji 'blobfox_upsidedown'.
There is no image description for the emoji 'blobfox_wave'.
There is no image description for the emoji 'amongus_amogus'.
There is no image description for the emoji 'amongus_amongass'.
There is no image description for the emoji 'amongus_amongsex'.
There is no image description for the emoji 'amongus_think'.
There is no image description for the emoji 'amongus_emergency_btn'.
There is no image description for the emoji 'amongus_best_friends'.
There is no image description for the emoji 'amongus_crybaby'.
There is no image description for the emoji 'amongus_dead'.
There is no image description for the emoji 'amongus_im_out'.
There is no image description for the emoji 'amongus_ghost'.
There is no image description for the emoji 'amongus_gun'.
There is no image description for the emoji 'amongus_kiss'.
There is no image description for the emoji 'amongus_rotflmao'.
There is no image description for the emoji 'amongus_not_me'.
There is no image description for the emoji 'amongus_no_u'.
There is no image description for the emoji 'amongus_panic'.
There is no image description for the emoji 'amongus_shh'.
There is no image description for the emoji 'amongus_sparkle'.
There is no image description for the emoji 'amongus_sussy_baka'.
There is no image description for the emoji 'amongus_teleport'.
There is no image description for the emoji 'amongus_thinking'.
There is no image description for the emoji 'amongus_medscan_thumbsup'.
There is no image description for the emoji 'amongus_vent'.
There is no image description for the emoji 'amongus_u_sus'.
There is no image description for the emoji 'amongus_boba'.
There is no image description for the emoji 'amongus_distraction_dance'.
There is no image description for the emoji 'amongus_drip_blue'.
There is no image description for the emoji 'amongus_drip_pink_airpods'.
There is no image description for the emoji 'amongus_drip_red'.
There is no image description for the emoji 'amongus_drip_yellow'.
There is no image description for the emoji 'amongus_phone'.
There is no image description for the emoji 'amongus_thumbs_down'.
There is no image description for the emoji 'amongus_thumbs_up'.
There is no image description for the emoji 'amongus_cheems'.
There is no image description for the emoji 'amongus_comfy'.
There is no image description for the emoji 'amongus_fat'.
There is no image description for the emoji 'amongus_stare'.
There is no image description for the emoji 'amongus_stare_flop'.
There is no image description for the emoji 'blahaj_blahaj'.
There is no image description for the emoji 'blahaj_christmas'.
There is no image description for the emoji 'blahaj_detective'.
There is no image description for the emoji 'blahaj_family'.
There is no image description for the emoji 'blahaj_gamer'.
There is no image description for the emoji 'blahaj_guitar'.
There is no image description for the emoji 'blahaj_heart'.
There is no image description for the emoji 'blahaj_hug'.
There is no image description for the emoji 'blahaj_purple'.
There is no image description for the emoji 'blahaj_monarch'.
There is no image description for the emoji 'blahaj_not_shonks'.
There is no image description for the emoji 'blahaj_pirate'.
There is no image description for the emoji 'blahaj_plush'.
There is no image description for the emoji 'blahaj_pride'.
There is no image description for the emoji 'blahaj_relax'.
There is no image description for the emoji 'blahaj_shepard'.
There is no image description for the emoji 'blahaj_shonks'.
There is no image description for the emoji 'blahaj_trans'.
There is no image description for the emoji 'blahaj_trumpet'.
